<?xml version="1.0" encoding="UTF-8" ?>
<testsuite failures="0" time="0.374" errors="0" skipped="0" tests="0" name="TestSuite">
  <properties>
    <property name="java.runtime.name" value="Java(TM) SE Runtime Environment"/>
    <property name="sun.boot.library.path" value="C:\Program Files\Java\jdk1.7.0_80\jre\bin"/>
    <property name="java.vm.version" value="24.80-b11"/>
    <property name="user.country.format" value="NL"/>
    <property name="java.vm.vendor" value="Oracle Corporation"/>
    <property name="java.vendor.url" value="http://java.oracle.com/"/>
    <property name="path.separator" value=";"/>
    <property name="java.vm.name" value="Java HotSpot(TM) 64-Bit Server VM"/>
    <property name="file.encoding.pkg" value="sun.io"/>
    <property name="user.script" value=""/>
    <property name="user.country" value="US"/>
    <property name="sun.java.launcher" value="SUN_STANDARD"/>
    <property name="sun.os.patch.level" value="Service Pack 1"/>
    <property name="java.vm.specification.name" value="Java Virtual Machine Specification"/>
    <property name="user.dir" value="C:\Users\C31710.LAUNCHER\eclipseworkspace\TrainingRestAssured"/>
    <property name="java.runtime.version" value="1.7.0_80-b15"/>
    <property name="java.awt.graphicsenv" value="sun.awt.Win32GraphicsEnvironment"/>
    <property name="basedir" value="C:\Users\C31710.LAUNCHER\eclipseworkspace\TrainingRestAssured"/>
    <property name="java.endorsed.dirs" value="C:\Program Files\Java\jdk1.7.0_80\jre\lib\endorsed"/>
    <property name="os.arch" value="amd64"/>
    <property name="surefire.real.class.path" value="C:\Users\C31710.LAUNCHER\eclipseworkspace\TrainingRestAssured\target\surefire\surefirebooter7383483434314407367.jar"/>
    <property name="java.io.tmpdir" value="C:\Users\C31710~1.LAU\AppData\Local\Temp\"/>
    <property name="line.separator" value="
"/>
    <property name="java.vm.specification.vendor" value="Oracle Corporation"/>
    <property name="user.variant" value=""/>
    <property name="os.name" value="Windows 7"/>
    <property name="sun.jnu.encoding" value="Cp1252"/>
    <property name="java.library.path" value="C:\Program Files\Java\jdk1.7.0_80\jre\bin;C:\Windows\Sun\Java\bin;C:\Windows\system32;C:\Windows;C:\Users\C31710.LAUNCHER\bin;C:\Program Files\Git\mingw64\bin;C:\Program Files\Git\usr\local\bin;C:\Program Files\Git\usr\bin;C:\Program Files\Git\usr\bin;C:\Program Files\Git\mingw64\bin;C:\Program Files\Git\usr\bin;C:\Users\C31710.LAUNCHER\bin;C:\Program Files\Java\jdk1.7.0_80\bin;C:\Users\C31710.LAUNCHER\workspace\installables\apache-maven-3.0.2\bin;C:\Windows\system32;C:\Windows;C:\Windows\System32\Wbem;C:\Windows\System32\WindowsPowerShell\v1.0;C:\Program Files (x86)\Microsoft Application Virtualization Client;C:\Program Files (x86)\EHLLAPI;C:\Program Files (x86)\PortalClient;C:\Program Files (x86)\Citrix\ICAService;C:\Program Files (x86)\Citrix\System32;C:\Program Files (x86)\InstallShield\AdminStudio\6.0\ConflictSolver;C:\Program Files (x86)\instantclient_12_2;C:\Program Files\instantclient_12_2;C:\Program Files\TortoiseSVN\bin;C:\Users\C31710.LAUNCHER\workspace\node-v6.12.0-win-x64;C:\Windows\System32\WindowsPowerShell\v1.0;C:\Program Files (x86)\WebEx\Productivity Tools;C:\Progra~1\Enabler70\Server\Bin;C:\Program Files (x86)\Solution Factory\SELECT Shared;C:\Program Files\Git\usr\bin;C:\Users\C31710.LAUNCHER\AppData\Local\Programs\Python\Python36-32;C:\Program Files (x86)\Microsoft VS Code\bin;C:\Program Files\Git\usr\bin\vendor_perl;C:\Program Files\Git\usr\bin\core_perl;."/>
    <property name="surefire.test.class.path" value="C:\Users\C31710.LAUNCHER\eclipseworkspace\TrainingRestAssured\target\test-classes;C:\Users\C31710.LAUNCHER\eclipseworkspace\TrainingRestAssured\target\classes;C:\Users\C31710.LAUNCHER\maven_repository\m3\com\jayway\restassured\rest-assured\2.9.0\rest-assured-2.9.0.jar;C:\Users\C31710.LAUNCHER\maven_repository\m3\org\codehaus\groovy\groovy\2.4.4\groovy-2.4.4.jar;C:\Users\C31710.LAUNCHER\maven_repository\m3\org\codehaus\groovy\groovy-xml\2.4.4\groovy-xml-2.4.4.jar;C:\Users\C31710.LAUNCHER\maven_repository\m3\org\apache\httpcomponents\httpclient\4.5.1\httpclient-4.5.1.jar;C:\Users\C31710.LAUNCHER\maven_repository\m3\org\apache\httpcomponents\httpcore\4.4.3\httpcore-4.4.3.jar;C:\Users\C31710.LAUNCHER\maven_repository\m3\commons-logging\commons-logging\1.2\commons-logging-1.2.jar;C:\Users\C31710.LAUNCHER\maven_repository\m3\commons-codec\commons-codec\1.9\commons-codec-1.9.jar;C:\Users\C31710.LAUNCHER\maven_repository\m3\org\apache\httpcomponents\httpmime\4.5.1\httpmime-4.5.1.jar;C:\Users\C31710.LAUNCHER\maven_repository\m3\org\hamcrest\hamcrest-core\1.3\hamcrest-core-1.3.jar;C:\Users\C31710.LAUNCHER\maven_repository\m3\org\hamcrest\hamcrest-library\1.3\hamcrest-library-1.3.jar;C:\Users\C31710.LAUNCHER\maven_repository\m3\org\ccil\cowan\tagsoup\tagsoup\1.2.1\tagsoup-1.2.1.jar;C:\Users\C31710.LAUNCHER\maven_repository\m3\com\jayway\restassured\json-path\2.9.0\json-path-2.9.0.jar;C:\Users\C31710.LAUNCHER\maven_repository\m3\org\codehaus\groovy\groovy-json\2.4.4\groovy-json-2.4.4.jar;C:\Users\C31710.LAUNCHER\maven_repository\m3\com\jayway\restassured\rest-assured-common\2.9.0\rest-assured-common-2.9.0.jar;C:\Users\C31710.LAUNCHER\maven_repository\m3\com\jayway\restassured\xml-path\2.9.0\xml-path-2.9.0.jar;C:\Users\C31710.LAUNCHER\maven_repository\m3\org\apache\commons\commons-lang3\3.3.2\commons-lang3-3.3.2.jar;C:\Users\C31710.LAUNCHER\maven_repository\m3\org\hamcrest\hamcrest-all\1.3\hamcrest-all-1.3.jar;C:\Users\C31710.LAUNCHER\maven_repository\m3\junit\junit\4.11\junit-4.11.jar;C:\Users\C31710.LAUNCHER\maven_repository\m3\info\cukes\cucumber-junit\1.1.2\cucumber-junit-1.1.2.jar;C:\Users\C31710.LAUNCHER\maven_repository\m3\info\cukes\cucumber-core\1.1.2\cucumber-core-1.1.2.jar;C:\Users\C31710.LAUNCHER\maven_repository\m3\info\cukes\cucumber-java\1.1.2\cucumber-java-1.1.2.jar;C:\Users\C31710.LAUNCHER\maven_repository\m3\org\testng\testng\6.9.10\testng-6.9.10.jar;C:\Users\C31710.LAUNCHER\maven_repository\m3\com\beust\jcommander\1.48\jcommander-1.48.jar;C:\Users\C31710.LAUNCHER\maven_repository\m3\org\beanshell\bsh\2.0b4\bsh-2.0b4.jar;"/>
    <property name="java.specification.name" value="Java Platform API Specification"/>
    <property name="java.class.version" value="51.0"/>
    <property name="sun.management.compiler" value="HotSpot 64-Bit Tiered Compilers"/>
    <property name="os.version" value="6.1"/>
    <property name="user.home" value="\\solon.prd\files\P\Global\Users\C31710\UserData"/>
    <property name="user.timezone" value="Europe/Berlin"/>
    <property name="java.awt.printerjob" value="sun.awt.windows.WPrinterJob"/>
    <property name="java.specification.version" value="1.7"/>
    <property name="file.encoding" value="Cp1252"/>
    <property name="user.name" value="C31710"/>
    <property name="java.class.path" value="C:\Users\C31710.LAUNCHER\eclipseworkspace\TrainingRestAssured\target\test-classes;C:\Users\C31710.LAUNCHER\eclipseworkspace\TrainingRestAssured\target\classes;C:\Users\C31710.LAUNCHER\maven_repository\m3\com\jayway\restassured\rest-assured\2.9.0\rest-assured-2.9.0.jar;C:\Users\C31710.LAUNCHER\maven_repository\m3\org\codehaus\groovy\groovy\2.4.4\groovy-2.4.4.jar;C:\Users\C31710.LAUNCHER\maven_repository\m3\org\codehaus\groovy\groovy-xml\2.4.4\groovy-xml-2.4.4.jar;C:\Users\C31710.LAUNCHER\maven_repository\m3\org\apache\httpcomponents\httpclient\4.5.1\httpclient-4.5.1.jar;C:\Users\C31710.LAUNCHER\maven_repository\m3\org\apache\httpcomponents\httpcore\4.4.3\httpcore-4.4.3.jar;C:\Users\C31710.LAUNCHER\maven_repository\m3\commons-logging\commons-logging\1.2\commons-logging-1.2.jar;C:\Users\C31710.LAUNCHER\maven_repository\m3\commons-codec\commons-codec\1.9\commons-codec-1.9.jar;C:\Users\C31710.LAUNCHER\maven_repository\m3\org\apache\httpcomponents\httpmime\4.5.1\httpmime-4.5.1.jar;C:\Users\C31710.LAUNCHER\maven_repository\m3\org\hamcrest\hamcrest-core\1.3\hamcrest-core-1.3.jar;C:\Users\C31710.LAUNCHER\maven_repository\m3\org\hamcrest\hamcrest-library\1.3\hamcrest-library-1.3.jar;C:\Users\C31710.LAUNCHER\maven_repository\m3\org\ccil\cowan\tagsoup\tagsoup\1.2.1\tagsoup-1.2.1.jar;C:\Users\C31710.LAUNCHER\maven_repository\m3\com\jayway\restassured\json-path\2.9.0\json-path-2.9.0.jar;C:\Users\C31710.LAUNCHER\maven_repository\m3\org\codehaus\groovy\groovy-json\2.4.4\groovy-json-2.4.4.jar;C:\Users\C31710.LAUNCHER\maven_repository\m3\com\jayway\restassured\rest-assured-common\2.9.0\rest-assured-common-2.9.0.jar;C:\Users\C31710.LAUNCHER\maven_repository\m3\com\jayway\restassured\xml-path\2.9.0\xml-path-2.9.0.jar;C:\Users\C31710.LAUNCHER\maven_repository\m3\org\apache\commons\commons-lang3\3.3.2\commons-lang3-3.3.2.jar;C:\Users\C31710.LAUNCHER\maven_repository\m3\org\hamcrest\hamcrest-all\1.3\hamcrest-all-1.3.jar;C:\Users\C31710.LAUNCHER\maven_repository\m3\junit\junit\4.11\junit-4.11.jar;C:\Users\C31710.LAUNCHER\maven_repository\m3\info\cukes\cucumber-junit\1.1.2\cucumber-junit-1.1.2.jar;C:\Users\C31710.LAUNCHER\maven_repository\m3\info\cukes\cucumber-core\1.1.2\cucumber-core-1.1.2.jar;C:\Users\C31710.LAUNCHER\maven_repository\m3\info\cukes\cucumber-java\1.1.2\cucumber-java-1.1.2.jar;C:\Users\C31710.LAUNCHER\maven_repository\m3\org\testng\testng\6.9.10\testng-6.9.10.jar;C:\Users\C31710.LAUNCHER\maven_repository\m3\com\beust\jcommander\1.48\jcommander-1.48.jar;C:\Users\C31710.LAUNCHER\maven_repository\m3\org\beanshell\bsh\2.0b4\bsh-2.0b4.jar;"/>
    <property name="java.vm.specification.version" value="1.7"/>
    <property name="sun.arch.data.model" value="64"/>
    <property name="java.home" value="C:\Program Files\Java\jdk1.7.0_80\jre"/>
    <property name="sun.java.command" value="C:\Users\C31710.LAUNCHER\eclipseworkspace\TrainingRestAssured\target\surefire\surefirebooter7383483434314407367.jar C:\Users\C31710.LAUNCHER\eclipseworkspace\TrainingRestAssured\target\surefire\surefire2830734109673163945tmp C:\Users\C31710.LAUNCHER\eclipseworkspace\TrainingRestAssured\target\surefire\surefire4112314455722208126tmp"/>
    <property name="java.specification.vendor" value="Oracle Corporation"/>
    <property name="user.language" value="en"/>
    <property name="user.language.format" value="nl"/>
    <property name="awt.toolkit" value="sun.awt.windows.WToolkit"/>
    <property name="java.vm.info" value="mixed mode"/>
    <property name="java.version" value="1.7.0_80"/>
    <property name="java.ext.dirs" value="C:\Program Files\Java\jdk1.7.0_80\jre\lib\ext;C:\Windows\Sun\Java\lib\ext"/>
    <property name="sun.boot.class.path" value="C:\Program Files\Java\jdk1.7.0_80\jre\lib\resources.jar;C:\Program Files\Java\jdk1.7.0_80\jre\lib\rt.jar;C:\Program Files\Java\jdk1.7.0_80\jre\lib\sunrsasign.jar;C:\Program Files\Java\jdk1.7.0_80\jre\lib\jsse.jar;C:\Program Files\Java\jdk1.7.0_80\jre\lib\jce.jar;C:\Program Files\Java\jdk1.7.0_80\jre\lib\charsets.jar;C:\Program Files\Java\jdk1.7.0_80\jre\lib\jfr.jar;C:\Program Files\Java\jdk1.7.0_80\jre\classes"/>
    <property name="java.vendor" value="Oracle Corporation"/>
    <property name="localRepository" value="C:\Users\C31710.LAUNCHER\maven_repository\m3"/>
    <property name="file.separator" value="\"/>
    <property name="java.vendor.url.bug" value="http://bugreport.sun.com/bugreport/"/>
    <property name="sun.cpu.endian" value="little"/>
    <property name="sun.io.unicode.encoding" value="UnicodeLittle"/>
    <property name="sun.desktop" value="windows"/>
    <property name="sun.cpu.isalist" value="amd64"/>
  </properties>
</testsuite>